<?xml version="1.0" encoding="UTF-8"?>
<!-- Generated by org.testng.reporters.JUnitReportReporter -->
<testsuite hostname="LAPTOP-604E8F04" failures="0" tests="3" name="test.java.carritocompras.CC_Test" time="67.503" errors="0" timestamp="2023-07-14T16:03:56 CLT" skipped="0">
  <testcase classname="test.java.carritocompras.CC_Test" name="CC_QA_Automatizacion" time="20.784"/>
  <system-out/>
  <testcase classname="test.java.carritocompras.CC_Test" name="CC_QA_Automatizacion" time="22.768"/>
  <system-out/>
  <testcase classname="test.java.carritocompras.CC_Test" name="CC_QA_Automatizacion" time="23.951"/>
  <system-out/>
</testsuite> <!-- test.java.carritocompras.CC_Test -->
